CRITICAL - 2023-08-01 14:30:51 --> The framework needs the following extension(s) installed and loaded: intl.
in SYSTEMPATH\CodeIgniter.php on line 226.
 1 SYSTEMPATH\CodeIgniter.php(226): CodeIgniter\Exceptions\FrameworkException::forMissingExtension('intl')
 2 SYSTEMPATH\CodeIgniter.php(190): CodeIgniter\CodeIgniter->resolvePlatformExtensions()
 3 FCPATH\index.php(55): CodeIgniter\CodeIgniter->initialize()
CRITICAL - 2023-08-01 14:30:57 --> The framework needs the following extension(s) installed and loaded: intl.
in SYSTEMPATH\CodeIgniter.php on line 226.
 1 SYSTEMPATH\CodeIgniter.php(226): CodeIgniter\Exceptions\FrameworkException::forMissingExtension('intl')
 2 SYSTEMPATH\CodeIgniter.php(190): CodeIgniter\CodeIgniter->resolvePlatformExtensions()
 3 FCPATH\index.php(55): CodeIgniter\CodeIgniter->initialize()
CRITICAL - 2023-08-01 14:32:13 --> The framework needs the following extension(s) installed and loaded: intl.
in SYSTEMPATH\CodeIgniter.php on line 226.
 1 SYSTEMPATH\CodeIgniter.php(226): CodeIgniter\Exceptions\FrameworkException::forMissingExtension('intl')
 2 SYSTEMPATH\CodeIgniter.php(190): CodeIgniter\CodeIgniter->resolvePlatformExtensions()
 3 FCPATH\index.php(55): CodeIgniter\CodeIgniter->initialize()
CRITICAL - 2023-08-01 14:32:52 --> The framework needs the following extension(s) installed and loaded: intl.
in SYSTEMPATH\CodeIgniter.php on line 226.
 1 SYSTEMPATH\CodeIgniter.php(226): CodeIgniter\Exceptions\FrameworkException::forMissingExtension('intl')
 2 SYSTEMPATH\CodeIgniter.php(190): CodeIgniter\CodeIgniter->resolvePlatformExtensions()
 3 FCPATH\index.php(55): CodeIgniter\CodeIgniter->initialize()
ERROR - 2023-08-01 12:35:18 --> Error connecting to the database: mysqli_sql_exception: Unknown database 'karuconnect_formation' in C:\xampp\htdocs\ci4\kakofor\system\Database\MySQLi\Connection.php:173
Stack trace:
#0 C:\xampp\htdocs\ci4\kakofor\system\Database\MySQLi\Connection.php(173): mysqli->real_connect('localhost', 'root', Object(SensitiveParameterValue), 'karuconnect_for...', 3306, '', 0)
#1 C:\xampp\htdocs\ci4\kakofor\system\Database\BaseConnection.php(391): CodeIgniter\Database\MySQLi\Connection->connect(false)
#2 C:\xampp\htdocs\ci4\kakofor\system\Database\BaseConnection.php(574): CodeIgniter\Database\BaseConnection->initialize()
#3 C:\xampp\htdocs\ci4\kakofor\system\Database\BaseBuilder.php(1616): CodeIgniter\Database\BaseConnection->query('SELECT *\nFROM `...', Array, false)
#4 C:\xampp\htdocs\ci4\kakofor\system\Model.php(241): CodeIgniter\Database\BaseBuilder->get()
#5 C:\xampp\htdocs\ci4\kakofor\system\BaseModel.php(618): CodeIgniter\Model->doFindAll(0, 0)
#6 C:\xampp\htdocs\ci4\kakofor\app\Models\FormationModel.php(16): CodeIgniter\BaseModel->findAll()
#7 C:\xampp\htdocs\ci4\kakofor\app\Controllers\Formation.php(16): App\Models\FormationModel->getFormation()
#8 C:\xampp\htdocs\ci4\kakofor\system\CodeIgniter.php(934): App\Controllers\Formation->index()
#9 C:\xampp\htdocs\ci4\kakofor\system\CodeIgniter.php(499): CodeIgniter\CodeIgniter->runController(Object(App\Controllers\Formation))
#10 C:\xampp\htdocs\ci4\kakofor\system\CodeIgniter.php(368): CodeIgniter\CodeIgniter->handleRequest(NULL, Object(Config\Cache), false)
#11 C:\xampp\htdocs\ci4\kakofor\public\index.php(67): CodeIgniter\CodeIgniter->run()
#12 {main}

Next CodeIgniter\Database\Exceptions\DatabaseException: Unknown database 'karuconnect_formation' in C:\xampp\htdocs\ci4\kakofor\system\Database\MySQLi\Connection.php:218
Stack trace:
#0 C:\xampp\htdocs\ci4\kakofor\system\Database\BaseConnection.php(391): CodeIgniter\Database\MySQLi\Connection->connect(false)
#1 C:\xampp\htdocs\ci4\kakofor\system\Database\BaseConnection.php(574): CodeIgniter\Database\BaseConnection->initialize()
#2 C:\xampp\htdocs\ci4\kakofor\system\Database\BaseBuilder.php(1616): CodeIgniter\Database\BaseConnection->query('SELECT *\nFROM `...', Array, false)
#3 C:\xampp\htdocs\ci4\kakofor\system\Model.php(241): CodeIgniter\Database\BaseBuilder->get()
#4 C:\xampp\htdocs\ci4\kakofor\system\BaseModel.php(618): CodeIgniter\Model->doFindAll(0, 0)
#5 C:\xampp\htdocs\ci4\kakofor\app\Models\FormationModel.php(16): CodeIgniter\BaseModel->findAll()
#6 C:\xampp\htdocs\ci4\kakofor\app\Controllers\Formation.php(16): App\Models\FormationModel->getFormation()
#7 C:\xampp\htdocs\ci4\kakofor\system\CodeIgniter.php(934): App\Controllers\Formation->index()
#8 C:\xampp\htdocs\ci4\kakofor\system\CodeIgniter.php(499): CodeIgniter\CodeIgniter->runController(Object(App\Controllers\Formation))
#9 C:\xampp\htdocs\ci4\kakofor\system\CodeIgniter.php(368): CodeIgniter\CodeIgniter->handleRequest(NULL, Object(Config\Cache), false)
#10 C:\xampp\htdocs\ci4\kakofor\public\index.php(67): CodeIgniter\CodeIgniter->run()
#11 {main}
CRITICAL - 2023-08-01 12:35:18 --> Unable to connect to the database.
Main connection [MySQLi]: Unknown database 'karuconnect_formation'
in SYSTEMPATH\Database\BaseConnection.php on line 427.
 1 SYSTEMPATH\Database\BaseConnection.php(574): CodeIgniter\Database\BaseConnection->initialize()
 2 SYSTEMPATH\Database\BaseBuilder.php(1616): CodeIgniter\Database\BaseConnection->query('SELECT *
FROM `formation`', [], false)
 3 SYSTEMPATH\Model.php(241): CodeIgniter\Database\BaseBuilder->get()
 4 SYSTEMPATH\BaseModel.php(618): CodeIgniter\Model->doFindAll(0, 0)
 5 APPPATH\Models\FormationModel.php(16): CodeIgniter\BaseModel->findAll()
 6 APPPATH\Controllers\Formation.php(16): App\Models\FormationModel->getFormation()
 7 SYSTEMPATH\CodeIgniter.php(934): App\Controllers\Formation->index()
 8 SYSTEMPATH\CodeIgniter.php(499): CodeIgniter\CodeIgniter->runController(Object(App\Controllers\Formation))
 9 SYSTEMPATH\CodeIgniter.php(368): CodeIgniter\CodeIgniter->handleRequest(null, Object(Config\Cache), false)
10 FCPATH\index.php(67): CodeIgniter\CodeIgniter->run()
ERROR - 2023-08-01 12:46:31 --> Error connecting to the database: mysqli_sql_exception: Unknown database 'karuconnect_formation' in C:\xampp\htdocs\ci4\kakofor\system\Database\MySQLi\Connection.php:173
Stack trace:
#0 C:\xampp\htdocs\ci4\kakofor\system\Database\MySQLi\Connection.php(173): mysqli->real_connect('localhost', 'root', Object(SensitiveParameterValue), 'karuconnect_for...', 3306, '', 0)
#1 C:\xampp\htdocs\ci4\kakofor\system\Database\BaseConnection.php(391): CodeIgniter\Database\MySQLi\Connection->connect(false)
#2 C:\xampp\htdocs\ci4\kakofor\system\Database\BaseConnection.php(574): CodeIgniter\Database\BaseConnection->initialize()
#3 C:\xampp\htdocs\ci4\kakofor\system\Database\BaseBuilder.php(1616): CodeIgniter\Database\BaseConnection->query('SELECT *\nFROM `...', Array, false)
#4 C:\xampp\htdocs\ci4\kakofor\system\Model.php(241): CodeIgniter\Database\BaseBuilder->get()
#5 C:\xampp\htdocs\ci4\kakofor\system\BaseModel.php(618): CodeIgniter\Model->doFindAll(0, 0)
#6 C:\xampp\htdocs\ci4\kakofor\app\Models\FormationModel.php(16): CodeIgniter\BaseModel->findAll()
#7 C:\xampp\htdocs\ci4\kakofor\app\Controllers\Formation.php(16): App\Models\FormationModel->getFormation()
#8 C:\xampp\htdocs\ci4\kakofor\system\CodeIgniter.php(934): App\Controllers\Formation->index()
#9 C:\xampp\htdocs\ci4\kakofor\system\CodeIgniter.php(499): CodeIgniter\CodeIgniter->runController(Object(App\Controllers\Formation))
#10 C:\xampp\htdocs\ci4\kakofor\system\CodeIgniter.php(368): CodeIgniter\CodeIgniter->handleRequest(NULL, Object(Config\Cache), false)
#11 C:\xampp\htdocs\ci4\kakofor\public\index.php(67): CodeIgniter\CodeIgniter->run()
#12 {main}

Next CodeIgniter\Database\Exceptions\DatabaseException: Unknown database 'karuconnect_formation' in C:\xampp\htdocs\ci4\kakofor\system\Database\MySQLi\Connection.php:218
Stack trace:
#0 C:\xampp\htdocs\ci4\kakofor\system\Database\BaseConnection.php(391): CodeIgniter\Database\MySQLi\Connection->connect(false)
#1 C:\xampp\htdocs\ci4\kakofor\system\Database\BaseConnection.php(574): CodeIgniter\Database\BaseConnection->initialize()
#2 C:\xampp\htdocs\ci4\kakofor\system\Database\BaseBuilder.php(1616): CodeIgniter\Database\BaseConnection->query('SELECT *\nFROM `...', Array, false)
#3 C:\xampp\htdocs\ci4\kakofor\system\Model.php(241): CodeIgniter\Database\BaseBuilder->get()
#4 C:\xampp\htdocs\ci4\kakofor\system\BaseModel.php(618): CodeIgniter\Model->doFindAll(0, 0)
#5 C:\xampp\htdocs\ci4\kakofor\app\Models\FormationModel.php(16): CodeIgniter\BaseModel->findAll()
#6 C:\xampp\htdocs\ci4\kakofor\app\Controllers\Formation.php(16): App\Models\FormationModel->getFormation()
#7 C:\xampp\htdocs\ci4\kakofor\system\CodeIgniter.php(934): App\Controllers\Formation->index()
#8 C:\xampp\htdocs\ci4\kakofor\system\CodeIgniter.php(499): CodeIgniter\CodeIgniter->runController(Object(App\Controllers\Formation))
#9 C:\xampp\htdocs\ci4\kakofor\system\CodeIgniter.php(368): CodeIgniter\CodeIgniter->handleRequest(NULL, Object(Config\Cache), false)
#10 C:\xampp\htdocs\ci4\kakofor\public\index.php(67): CodeIgniter\CodeIgniter->run()
#11 {main}
CRITICAL - 2023-08-01 12:46:31 --> Unable to connect to the database.
Main connection [MySQLi]: Unknown database 'karuconnect_formation'
in SYSTEMPATH\Database\BaseConnection.php on line 427.
 1 SYSTEMPATH\Database\BaseConnection.php(574): CodeIgniter\Database\BaseConnection->initialize()
 2 SYSTEMPATH\Database\BaseBuilder.php(1616): CodeIgniter\Database\BaseConnection->query('SELECT *
FROM `formation`', [], false)
 3 SYSTEMPATH\Model.php(241): CodeIgniter\Database\BaseBuilder->get()
 4 SYSTEMPATH\BaseModel.php(618): CodeIgniter\Model->doFindAll(0, 0)
 5 APPPATH\Models\FormationModel.php(16): CodeIgniter\BaseModel->findAll()
 6 APPPATH\Controllers\Formation.php(16): App\Models\FormationModel->getFormation()
 7 SYSTEMPATH\CodeIgniter.php(934): App\Controllers\Formation->index()
 8 SYSTEMPATH\CodeIgniter.php(499): CodeIgniter\CodeIgniter->runController(Object(App\Controllers\Formation))
 9 SYSTEMPATH\CodeIgniter.php(368): CodeIgniter\CodeIgniter->handleRequest(null, Object(Config\Cache), false)
10 FCPATH\index.php(67): CodeIgniter\CodeIgniter->run()
CRITICAL - 2023-08-01 12:54:31 --> Undefined array key "ID_VILLE"
in APPPATH\Views\apprenant\ajouter.php on line 105.
 1 APPPATH\Views\apprenant\ajouter.php(105): CodeIgniter\Debug\Exceptions->errorHandler(2, 'Undefined array key "ID_VILLE"', 'C:\\xampp\\htdocs\\ci4\\kakofor\\app\\Views\\apprenant\\ajouter.php', 105)
 2 SYSTEMPATH\View\View.php(213): include('C:\\xampp\\htdocs\\ci4\\kakofor\\app\\Views\\apprenant\\ajouter.php')
 3 SYSTEMPATH\View\View.php(216): CodeIgniter\View\View->CodeIgniter\View\{closure}()
 4 SYSTEMPATH\Common.php(1184): CodeIgniter\View\View->render('apprenant/ajouter', [], true)
 5 APPPATH\Controllers\Apprenant.php(44): view('apprenant/ajouter')
 6 SYSTEMPATH\CodeIgniter.php(934): App\Controllers\Apprenant->ajouter()
 7 SYSTEMPATH\CodeIgniter.php(499): CodeIgniter\CodeIgniter->runController(Object(App\Controllers\Apprenant))
 8 SYSTEMPATH\CodeIgniter.php(368): CodeIgniter\CodeIgniter->handleRequest(null, Object(Config\Cache), false)
 9 FCPATH\index.php(67): CodeIgniter\CodeIgniter->run()
CRITICAL - 2023-08-01 12:55:43 --> Undefined array key "NOM"
in APPPATH\Views\apprenant\ajouter.php on line 106.
 1 APPPATH\Views\apprenant\ajouter.php(106): CodeIgniter\Debug\Exceptions->errorHandler(2, 'Undefined array key "NOM"', 'C:\\xampp\\htdocs\\ci4\\kakofor\\app\\Views\\apprenant\\ajouter.php', 106)
 2 SYSTEMPATH\View\View.php(213): include('C:\\xampp\\htdocs\\ci4\\kakofor\\app\\Views\\apprenant\\ajouter.php')
 3 SYSTEMPATH\View\View.php(216): CodeIgniter\View\View->CodeIgniter\View\{closure}()
 4 SYSTEMPATH\Common.php(1184): CodeIgniter\View\View->render('apprenant/ajouter', [], true)
 5 APPPATH\Controllers\Apprenant.php(44): view('apprenant/ajouter')
 6 SYSTEMPATH\CodeIgniter.php(934): App\Controllers\Apprenant->ajouter()
 7 SYSTEMPATH\CodeIgniter.php(499): CodeIgniter\CodeIgniter->runController(Object(App\Controllers\Apprenant))
 8 SYSTEMPATH\CodeIgniter.php(368): CodeIgniter\CodeIgniter->handleRequest(null, Object(Config\Cache), false)
 9 FCPATH\index.php(67): CodeIgniter\CodeIgniter->run()
CRITICAL - 2023-08-01 12:55:54 --> Undefined array key "nom"
in APPPATH\Views\apprenant\ajouter.php on line 106.
 1 APPPATH\Views\apprenant\ajouter.php(106): CodeIgniter\Debug\Exceptions->errorHandler(2, 'Undefined array key "nom"', 'C:\\xampp\\htdocs\\ci4\\kakofor\\app\\Views\\apprenant\\ajouter.php', 106)
 2 SYSTEMPATH\View\View.php(213): include('C:\\xampp\\htdocs\\ci4\\kakofor\\app\\Views\\apprenant\\ajouter.php')
 3 SYSTEMPATH\View\View.php(216): CodeIgniter\View\View->CodeIgniter\View\{closure}()
 4 SYSTEMPATH\Common.php(1184): CodeIgniter\View\View->render('apprenant/ajouter', [], true)
 5 APPPATH\Controllers\Apprenant.php(44): view('apprenant/ajouter')
 6 SYSTEMPATH\CodeIgniter.php(934): App\Controllers\Apprenant->ajouter()
 7 SYSTEMPATH\CodeIgniter.php(499): CodeIgniter\CodeIgniter->runController(Object(App\Controllers\Apprenant))
 8 SYSTEMPATH\CodeIgniter.php(368): CodeIgniter\CodeIgniter->handleRequest(null, Object(Config\Cache), false)
 9 FCPATH\index.php(67): CodeIgniter\CodeIgniter->run()
CRITICAL - 2023-08-01 12:56:21 --> Undefined array key "nom"
in APPPATH\Views\apprenant\ajouter.php on line 106.
 1 APPPATH\Views\apprenant\ajouter.php(106): CodeIgniter\Debug\Exceptions->errorHandler(2, 'Undefined array key "nom"', 'C:\\xampp\\htdocs\\ci4\\kakofor\\app\\Views\\apprenant\\ajouter.php', 106)
 2 SYSTEMPATH\View\View.php(213): include('C:\\xampp\\htdocs\\ci4\\kakofor\\app\\Views\\apprenant\\ajouter.php')
 3 SYSTEMPATH\View\View.php(216): CodeIgniter\View\View->CodeIgniter\View\{closure}()
 4 SYSTEMPATH\Common.php(1184): CodeIgniter\View\View->render('apprenant/ajouter', [], true)
 5 APPPATH\Controllers\Apprenant.php(44): view('apprenant/ajouter')
 6 SYSTEMPATH\CodeIgniter.php(934): App\Controllers\Apprenant->ajouter()
 7 SYSTEMPATH\CodeIgniter.php(499): CodeIgniter\CodeIgniter->runController(Object(App\Controllers\Apprenant))
 8 SYSTEMPATH\CodeIgniter.php(368): CodeIgniter\CodeIgniter->handleRequest(null, Object(Config\Cache), false)
 9 FCPATH\index.php(67): CodeIgniter\CodeIgniter->run()
CRITICAL - 2023-08-01 12:56:23 --> Undefined array key "nom"
in APPPATH\Views\apprenant\ajouter.php on line 106.
 1 APPPATH\Views\apprenant\ajouter.php(106): CodeIgniter\Debug\Exceptions->errorHandler(2, 'Undefined array key "nom"', 'C:\\xampp\\htdocs\\ci4\\kakofor\\app\\Views\\apprenant\\ajouter.php', 106)
 2 SYSTEMPATH\View\View.php(213): include('C:\\xampp\\htdocs\\ci4\\kakofor\\app\\Views\\apprenant\\ajouter.php')
 3 SYSTEMPATH\View\View.php(216): CodeIgniter\View\View->CodeIgniter\View\{closure}()
 4 SYSTEMPATH\Common.php(1184): CodeIgniter\View\View->render('apprenant/ajouter', [], true)
 5 APPPATH\Controllers\Apprenant.php(44): view('apprenant/ajouter')
 6 SYSTEMPATH\CodeIgniter.php(934): App\Controllers\Apprenant->ajouter()
 7 SYSTEMPATH\CodeIgniter.php(499): CodeIgniter\CodeIgniter->runController(Object(App\Controllers\Apprenant))
 8 SYSTEMPATH\CodeIgniter.php(368): CodeIgniter\CodeIgniter->handleRequest(null, Object(Config\Cache), false)
 9 FCPATH\index.php(67): CodeIgniter\CodeIgniter->run()
CRITICAL - 2023-08-01 12:58:03 --> Call to a member function getFormateur() on null
in APPPATH\Controllers\formateur.php on line 32.
 1 SYSTEMPATH\CodeIgniter.php(934): App\Controllers\Formateur->view('ajouter')
 2 SYSTEMPATH\CodeIgniter.php(499): CodeIgniter\CodeIgniter->runController(Object(App\Controllers\Formateur))
 3 SYSTEMPATH\CodeIgniter.php(368): CodeIgniter\CodeIgniter->handleRequest(null, Object(Config\Cache), false)
 4 FCPATH\index.php(67): CodeIgniter\CodeIgniter->run()
CRITICAL - 2023-08-01 12:58:36 --> Call to a member function getFormateur() on null
in APPPATH\Controllers\formateur.php on line 32.
 1 SYSTEMPATH\CodeIgniter.php(934): App\Controllers\Formateur->view('ajouter')
 2 SYSTEMPATH\CodeIgniter.php(499): CodeIgniter\CodeIgniter->runController(Object(App\Controllers\Formateur))
 3 SYSTEMPATH\CodeIgniter.php(368): CodeIgniter\CodeIgniter->handleRequest(null, Object(Config\Cache), false)
 4 FCPATH\index.php(67): CodeIgniter\CodeIgniter->run()
CRITICAL - 2023-08-01 13:01:33 --> Trying to access array offset on value of type null
in APPPATH\Views\formateur\view.php on line 1.
 1 APPPATH\Views\formateur\view.php(1): CodeIgniter\Debug\Exceptions->errorHandler(2, 'Trying to access array offset on value of type null', 'C:\\xampp\\htdocs\\ci4\\kakofor\\app\\Views\\formateur\\view.php', 1)
 2 SYSTEMPATH\View\View.php(213): include('C:\\xampp\\htdocs\\ci4\\kakofor\\app\\Views\\formateur\\view.php')
 3 SYSTEMPATH\View\View.php(216): CodeIgniter\View\View->CodeIgniter\View\{closure}()
 4 SYSTEMPATH\Common.php(1184): CodeIgniter\View\View->render('formateur/view', [], true)
 5 APPPATH\Controllers\formateur.php(36): view('formateur/view', [...])
 6 SYSTEMPATH\CodeIgniter.php(934): App\Controllers\Formateur->view('ajouter')
 7 SYSTEMPATH\CodeIgniter.php(499): CodeIgniter\CodeIgniter->runController(Object(App\Controllers\Formateur))
 8 SYSTEMPATH\CodeIgniter.php(368): CodeIgniter\CodeIgniter->handleRequest(null, Object(Config\Cache), false)
 9 FCPATH\index.php(67): CodeIgniter\CodeIgniter->run()
CRITICAL - 2023-08-01 13:01:34 --> Trying to access array offset on value of type null
in APPPATH\Views\formateur\view.php on line 1.
 1 APPPATH\Views\formateur\view.php(1): CodeIgniter\Debug\Exceptions->errorHandler(2, 'Trying to access array offset on value of type null', 'C:\\xampp\\htdocs\\ci4\\kakofor\\app\\Views\\formateur\\view.php', 1)
 2 SYSTEMPATH\View\View.php(213): include('C:\\xampp\\htdocs\\ci4\\kakofor\\app\\Views\\formateur\\view.php')
 3 SYSTEMPATH\View\View.php(216): CodeIgniter\View\View->CodeIgniter\View\{closure}()
 4 SYSTEMPATH\Common.php(1184): CodeIgniter\View\View->render('formateur/view', [], true)
 5 APPPATH\Controllers\formateur.php(36): view('formateur/view', [...])
 6 SYSTEMPATH\CodeIgniter.php(934): App\Controllers\Formateur->view('ajouter')
 7 SYSTEMPATH\CodeIgniter.php(499): CodeIgniter\CodeIgniter->runController(Object(App\Controllers\Formateur))
 8 SYSTEMPATH\CodeIgniter.php(368): CodeIgniter\CodeIgniter->handleRequest(null, Object(Config\Cache), false)
 9 FCPATH\index.php(67): CodeIgniter\CodeIgniter->run()
CRITICAL - 2023-08-01 13:03:01 --> Trying to access array offset on value of type null
in APPPATH\Views\formateur\view.php on line 1.
 1 APPPATH\Views\formateur\view.php(1): CodeIgniter\Debug\Exceptions->errorHandler(2, 'Trying to access array offset on value of type null', 'C:\\xampp\\htdocs\\ci4\\kakofor\\app\\Views\\formateur\\view.php', 1)
 2 SYSTEMPATH\View\View.php(213): include('C:\\xampp\\htdocs\\ci4\\kakofor\\app\\Views\\formateur\\view.php')
 3 SYSTEMPATH\View\View.php(216): CodeIgniter\View\View->CodeIgniter\View\{closure}()
 4 SYSTEMPATH\Common.php(1184): CodeIgniter\View\View->render('formateur/view', [], true)
 5 APPPATH\Controllers\formateur.php(36): view('formateur/view', [...])
 6 SYSTEMPATH\CodeIgniter.php(934): App\Controllers\Formateur->view('ajouter')
 7 SYSTEMPATH\CodeIgniter.php(499): CodeIgniter\CodeIgniter->runController(Object(App\Controllers\Formateur))
 8 SYSTEMPATH\CodeIgniter.php(368): CodeIgniter\CodeIgniter->handleRequest(null, Object(Config\Cache), false)
 9 FCPATH\index.php(67): CodeIgniter\CodeIgniter->run()
CRITICAL - 2023-08-01 13:04:35 --> Trying to access array offset on value of type null
in APPPATH\Views\formateur\view.php on line 1.
 1 APPPATH\Views\formateur\view.php(1): CodeIgniter\Debug\Exceptions->errorHandler(2, 'Trying to access array offset on value of type null', 'C:\\xampp\\htdocs\\ci4\\kakofor\\app\\Views\\formateur\\view.php', 1)
 2 SYSTEMPATH\View\View.php(213): include('C:\\xampp\\htdocs\\ci4\\kakofor\\app\\Views\\formateur\\view.php')
 3 SYSTEMPATH\View\View.php(216): CodeIgniter\View\View->CodeIgniter\View\{closure}()
 4 SYSTEMPATH\Common.php(1184): CodeIgniter\View\View->render('formateur/view', [], true)
 5 APPPATH\Controllers\formateur.php(36): view('formateur/view', [...])
 6 SYSTEMPATH\CodeIgniter.php(934): App\Controllers\Formateur->view('ajouter')
 7 SYSTEMPATH\CodeIgniter.php(499): CodeIgniter\CodeIgniter->runController(Object(App\Controllers\Formateur))
 8 SYSTEMPATH\CodeIgniter.php(368): CodeIgniter\CodeIgniter->handleRequest(null, Object(Config\Cache), false)
 9 FCPATH\index.php(67): CodeIgniter\CodeIgniter->run()
CRITICAL - 2023-08-01 13:05:35 --> Trying to access array offset on value of type null
in APPPATH\Views\formateur\view.php on line 1.
 1 APPPATH\Views\formateur\view.php(1): CodeIgniter\Debug\Exceptions->errorHandler(2, 'Trying to access array offset on value of type null', 'C:\\xampp\\htdocs\\ci4\\kakofor\\app\\Views\\formateur\\view.php', 1)
 2 SYSTEMPATH\View\View.php(213): include('C:\\xampp\\htdocs\\ci4\\kakofor\\app\\Views\\formateur\\view.php')
 3 SYSTEMPATH\View\View.php(216): CodeIgniter\View\View->CodeIgniter\View\{closure}()
 4 SYSTEMPATH\Common.php(1184): CodeIgniter\View\View->render('formateur/view', [], true)
 5 APPPATH\Controllers\formateur.php(36): view('formateur/view', [...])
 6 SYSTEMPATH\CodeIgniter.php(934): App\Controllers\Formateur->view('ajouter')
 7 SYSTEMPATH\CodeIgniter.php(499): CodeIgniter\CodeIgniter->runController(Object(App\Controllers\Formateur))
 8 SYSTEMPATH\CodeIgniter.php(368): CodeIgniter\CodeIgniter->handleRequest(null, Object(Config\Cache), false)
 9 FCPATH\index.php(67): CodeIgniter\CodeIgniter->run()
CRITICAL - 2023-08-01 13:05:37 --> Trying to access array offset on value of type null
in APPPATH\Views\formateur\view.php on line 1.
 1 APPPATH\Views\formateur\view.php(1): CodeIgniter\Debug\Exceptions->errorHandler(2, 'Trying to access array offset on value of type null', 'C:\\xampp\\htdocs\\ci4\\kakofor\\app\\Views\\formateur\\view.php', 1)
 2 SYSTEMPATH\View\View.php(213): include('C:\\xampp\\htdocs\\ci4\\kakofor\\app\\Views\\formateur\\view.php')
 3 SYSTEMPATH\View\View.php(216): CodeIgniter\View\View->CodeIgniter\View\{closure}()
 4 SYSTEMPATH\Common.php(1184): CodeIgniter\View\View->render('formateur/view', [], true)
 5 APPPATH\Controllers\formateur.php(36): view('formateur/view', [...])
 6 SYSTEMPATH\CodeIgniter.php(934): App\Controllers\Formateur->view('ajouter')
 7 SYSTEMPATH\CodeIgniter.php(499): CodeIgniter\CodeIgniter->runController(Object(App\Controllers\Formateur))
 8 SYSTEMPATH\CodeIgniter.php(368): CodeIgniter\CodeIgniter->handleRequest(null, Object(Config\Cache), false)
 9 FCPATH\index.php(67): CodeIgniter\CodeIgniter->run()
CRITICAL - 2023-08-01 13:09:41 --> Undefined variable $formateur
in APPPATH\Views\formateur\view.php on line 1.
 1 APPPATH\Views\formateur\view.php(1): CodeIgniter\Debug\Exceptions->errorHandler(2, 'Undefined variable $formateur', 'C:\\xampp\\htdocs\\ci4\\kakofor\\app\\Views\\formateur\\view.php', 1)
 2 SYSTEMPATH\View\View.php(213): include('C:\\xampp\\htdocs\\ci4\\kakofor\\app\\Views\\formateur\\view.php')
 3 SYSTEMPATH\View\View.php(216): CodeIgniter\View\View->CodeIgniter\View\{closure}()
 4 SYSTEMPATH\Common.php(1184): CodeIgniter\View\View->render('formateur/view', [], true)
 5 APPPATH\Controllers\formateur.php(20): view('formateur/view', [...])
 6 SYSTEMPATH\CodeIgniter.php(934): App\Controllers\Formateur->index()
 7 SYSTEMPATH\CodeIgniter.php(499): CodeIgniter\CodeIgniter->runController(Object(App\Controllers\Formateur))
 8 SYSTEMPATH\CodeIgniter.php(368): CodeIgniter\CodeIgniter->handleRequest(null, Object(Config\Cache), false)
 9 FCPATH\index.php(67): CodeIgniter\CodeIgniter->run()
CRITICAL - 2023-08-01 13:09:43 --> Undefined variable $formateur
in APPPATH\Views\formateur\view.php on line 1.
 1 APPPATH\Views\formateur\view.php(1): CodeIgniter\Debug\Exceptions->errorHandler(2, 'Undefined variable $formateur', 'C:\\xampp\\htdocs\\ci4\\kakofor\\app\\Views\\formateur\\view.php', 1)
 2 SYSTEMPATH\View\View.php(213): include('C:\\xampp\\htdocs\\ci4\\kakofor\\app\\Views\\formateur\\view.php')
 3 SYSTEMPATH\View\View.php(216): CodeIgniter\View\View->CodeIgniter\View\{closure}()
 4 SYSTEMPATH\Common.php(1184): CodeIgniter\View\View->render('formateur/view', [], true)
 5 APPPATH\Controllers\formateur.php(20): view('formateur/view', [...])
 6 SYSTEMPATH\CodeIgniter.php(934): App\Controllers\Formateur->index()
 7 SYSTEMPATH\CodeIgniter.php(499): CodeIgniter\CodeIgniter->runController(Object(App\Controllers\Formateur))
 8 SYSTEMPATH\CodeIgniter.php(368): CodeIgniter\CodeIgniter->handleRequest(null, Object(Config\Cache), false)
 9 FCPATH\index.php(67): CodeIgniter\CodeIgniter->run()
ERROR - 2023-08-01 13:14:33 --> mysqli_sql_exception: Cannot add or update a child row: a foreign key constraint fails (`kakofor`.`apprenant`, CONSTRAINT `apprenant_ibfk_1` FOREIGN KEY (`ID_SESSION`) REFERENCES `session` (`ID_SESSION`) ON UPDATE NO ACTION) in C:\xampp\htdocs\ci4\kakofor\system\Database\MySQLi\Connection.php:295
Stack trace:
#0 C:\xampp\htdocs\ci4\kakofor\system\Database\MySQLi\Connection.php(295): mysqli->query('INSERT INTO `ap...', 0)
#1 C:\xampp\htdocs\ci4\kakofor\system\Database\BaseConnection.php(692): CodeIgniter\Database\MySQLi\Connection->execute('INSERT INTO `ap...')
#2 C:\xampp\htdocs\ci4\kakofor\system\Database\BaseConnection.php(606): CodeIgniter\Database\BaseConnection->simpleQuery('INSERT INTO `ap...')
#3 C:\xampp\htdocs\ci4\kakofor\system\Database\BaseBuilder.php(2309): CodeIgniter\Database\BaseConnection->query('INSERT INTO `ap...', Array, false)
#4 C:\xampp\htdocs\ci4\kakofor\system\Model.php(330): CodeIgniter\Database\BaseBuilder->insert()
#5 C:\xampp\htdocs\ci4\kakofor\system\BaseModel.php(782): CodeIgniter\Model->doInsert(Array)
#6 C:\xampp\htdocs\ci4\kakofor\system\Model.php(730): CodeIgniter\BaseModel->insert(Array, true)
#7 C:\xampp\htdocs\ci4\kakofor\app\Models\ApprenantModel.php(23): CodeIgniter\Model->insert(Array)
#8 C:\xampp\htdocs\ci4\kakofor\app\Controllers\Apprenant.php(56): App\Models\ApprenantModel->putApprenant(Array)
#9 C:\xampp\htdocs\ci4\kakofor\system\CodeIgniter.php(934): App\Controllers\Apprenant->ajouter()
#10 C:\xampp\htdocs\ci4\kakofor\system\CodeIgniter.php(499): CodeIgniter\CodeIgniter->runController(Object(App\Controllers\Apprenant))
#11 C:\xampp\htdocs\ci4\kakofor\system\CodeIgniter.php(368): CodeIgniter\CodeIgniter->handleRequest(NULL, Object(Config\Cache), false)
#12 C:\xampp\htdocs\ci4\kakofor\public\index.php(67): CodeIgniter\CodeIgniter->run()
#13 {main}
CRITICAL - 2023-08-01 13:14:33 --> Cannot add or update a child row: a foreign key constraint fails (`kakofor`.`apprenant`, CONSTRAINT `apprenant_ibfk_1` FOREIGN KEY (`ID_SESSION`) REFERENCES `session` (`ID_SESSION`) ON UPDATE NO ACTION)
in SYSTEMPATH\Database\MySQLi\Connection.php on line 295.
 1 SYSTEMPATH\Database\MySQLi\Connection.php(295): mysqli->query('INSERT INTO `apprenant` (`ID_APPRENANT`, `NOM`, `PRENOM`, `EMAIL`, `TELEPHONE`) VALUES (\'\', \'Maximus\', \'Yann\', \'yann@gmail\', \'0690998109\')', 0)
 2 SYSTEMPATH\Database\BaseConnection.php(692): CodeIgniter\Database\MySQLi\Connection->execute('INSERT INTO `apprenant` (`ID_APPRENANT`, `NOM`, `PRENOM`, `EMAIL`, `TELEPHONE`) VALUES (\'\', \'Maximus\', \'Yann\', \'yann@gmail\', \'0690998109\')')
 3 SYSTEMPATH\Database\BaseConnection.php(606): CodeIgniter\Database\BaseConnection->simpleQuery('INSERT INTO `apprenant` (`ID_APPRENANT`, `NOM`, `PRENOM`, `EMAIL`, `TELEPHONE`) VALUES (\'\', \'Maximus\', \'Yann\', \'yann@gmail\', \'0690998109\')')
 4 SYSTEMPATH\Database\BaseBuilder.php(2309): CodeIgniter\Database\BaseConnection->query('INSERT INTO `apprenant` (`ID_APPRENANT`, `NOM`, `PRENOM`, `EMAIL`, `TELEPHONE`) VALUES (:ID_APPRENANT:, :NOM:, :PRENOM:, :EMAIL:, :TELEPHONE:)', [...], false)
 5 SYSTEMPATH\Model.php(330): CodeIgniter\Database\BaseBuilder->insert()
 6 SYSTEMPATH\BaseModel.php(782): CodeIgniter\Model->doInsert([...])
 7 SYSTEMPATH\Model.php(730): CodeIgniter\BaseModel->insert([...], true)
 8 APPPATH\Models\ApprenantModel.php(23): CodeIgniter\Model->insert([...])
 9 APPPATH\Controllers\Apprenant.php(56): App\Models\ApprenantModel->putApprenant([...])
10 SYSTEMPATH\CodeIgniter.php(934): App\Controllers\Apprenant->ajouter()
11 SYSTEMPATH\CodeIgniter.php(499): CodeIgniter\CodeIgniter->runController(Object(App\Controllers\Apprenant))
12 SYSTEMPATH\CodeIgniter.php(368): CodeIgniter\CodeIgniter->handleRequest(null, Object(Config\Cache), false)
13 FCPATH\index.php(67): CodeIgniter\CodeIgniter->run()
ERROR - 2023-08-01 13:15:11 --> mysqli_sql_exception: Cannot add or update a child row: a foreign key constraint fails (`kakofor`.`apprenant`, CONSTRAINT `apprenant_ibfk_1` FOREIGN KEY (`ID_SESSION`) REFERENCES `session` (`ID_SESSION`) ON UPDATE NO ACTION) in C:\xampp\htdocs\ci4\kakofor\system\Database\MySQLi\Connection.php:295
Stack trace:
#0 C:\xampp\htdocs\ci4\kakofor\system\Database\MySQLi\Connection.php(295): mysqli->query('INSERT INTO `ap...', 0)
#1 C:\xampp\htdocs\ci4\kakofor\system\Database\BaseConnection.php(692): CodeIgniter\Database\MySQLi\Connection->execute('INSERT INTO `ap...')
#2 C:\xampp\htdocs\ci4\kakofor\system\Database\BaseConnection.php(606): CodeIgniter\Database\BaseConnection->simpleQuery('INSERT INTO `ap...')
#3 C:\xampp\htdocs\ci4\kakofor\system\Database\BaseBuilder.php(2309): CodeIgniter\Database\BaseConnection->query('INSERT INTO `ap...', Array, false)
#4 C:\xampp\htdocs\ci4\kakofor\system\Model.php(330): CodeIgniter\Database\BaseBuilder->insert()
#5 C:\xampp\htdocs\ci4\kakofor\system\BaseModel.php(782): CodeIgniter\Model->doInsert(Array)
#6 C:\xampp\htdocs\ci4\kakofor\system\Model.php(730): CodeIgniter\BaseModel->insert(Array, true)
#7 C:\xampp\htdocs\ci4\kakofor\app\Models\ApprenantModel.php(23): CodeIgniter\Model->insert(Array)
#8 C:\xampp\htdocs\ci4\kakofor\app\Controllers\Apprenant.php(56): App\Models\ApprenantModel->putApprenant(Array)
#9 C:\xampp\htdocs\ci4\kakofor\system\CodeIgniter.php(934): App\Controllers\Apprenant->ajouter()
#10 C:\xampp\htdocs\ci4\kakofor\system\CodeIgniter.php(499): CodeIgniter\CodeIgniter->runController(Object(App\Controllers\Apprenant))
#11 C:\xampp\htdocs\ci4\kakofor\system\CodeIgniter.php(368): CodeIgniter\CodeIgniter->handleRequest(NULL, Object(Config\Cache), false)
#12 C:\xampp\htdocs\ci4\kakofor\public\index.php(67): CodeIgniter\CodeIgniter->run()
#13 {main}
CRITICAL - 2023-08-01 13:15:11 --> Cannot add or update a child row: a foreign key constraint fails (`kakofor`.`apprenant`, CONSTRAINT `apprenant_ibfk_1` FOREIGN KEY (`ID_SESSION`) REFERENCES `session` (`ID_SESSION`) ON UPDATE NO ACTION)
in SYSTEMPATH\Database\MySQLi\Connection.php on line 295.
 1 SYSTEMPATH\Database\MySQLi\Connection.php(295): mysqli->query('INSERT INTO `apprenant` (`ID_APPRENANT`, `NOM`, `PRENOM`, `EMAIL`, `TELEPHONE`) VALUES (\'\', \'Maximus\', \'Yann\', \'yann@gmail\', \'0690998109\')', 0)
 2 SYSTEMPATH\Database\BaseConnection.php(692): CodeIgniter\Database\MySQLi\Connection->execute('INSERT INTO `apprenant` (`ID_APPRENANT`, `NOM`, `PRENOM`, `EMAIL`, `TELEPHONE`) VALUES (\'\', \'Maximus\', \'Yann\', \'yann@gmail\', \'0690998109\')')
 3 SYSTEMPATH\Database\BaseConnection.php(606): CodeIgniter\Database\BaseConnection->simpleQuery('INSERT INTO `apprenant` (`ID_APPRENANT`, `NOM`, `PRENOM`, `EMAIL`, `TELEPHONE`) VALUES (\'\', \'Maximus\', \'Yann\', \'yann@gmail\', \'0690998109\')')
 4 SYSTEMPATH\Database\BaseBuilder.php(2309): CodeIgniter\Database\BaseConnection->query('INSERT INTO `apprenant` (`ID_APPRENANT`, `NOM`, `PRENOM`, `EMAIL`, `TELEPHONE`) VALUES (:ID_APPRENANT:, :NOM:, :PRENOM:, :EMAIL:, :TELEPHONE:)', [...], false)
 5 SYSTEMPATH\Model.php(330): CodeIgniter\Database\BaseBuilder->insert()
 6 SYSTEMPATH\BaseModel.php(782): CodeIgniter\Model->doInsert([...])
 7 SYSTEMPATH\Model.php(730): CodeIgniter\BaseModel->insert([...], true)
 8 APPPATH\Models\ApprenantModel.php(23): CodeIgniter\Model->insert([...])
 9 APPPATH\Controllers\Apprenant.php(56): App\Models\ApprenantModel->putApprenant([...])
10 SYSTEMPATH\CodeIgniter.php(934): App\Controllers\Apprenant->ajouter()
11 SYSTEMPATH\CodeIgniter.php(499): CodeIgniter\CodeIgniter->runController(Object(App\Controllers\Apprenant))
12 SYSTEMPATH\CodeIgniter.php(368): CodeIgniter\CodeIgniter->handleRequest(null, Object(Config\Cache), false)
13 FCPATH\index.php(67): CodeIgniter\CodeIgniter->run()
CRITICAL - 2023-08-01 14:49:38 --> Undefined variable $session
in APPPATH\Views\apprenant\ajouter.php on line 135.
 1 APPPATH\Views\apprenant\ajouter.php(135): CodeIgniter\Debug\Exceptions->errorHandler(2, 'Undefined variable $session', 'C:\\xampp\\htdocs\\ci4\\kakofor\\app\\Views\\apprenant\\ajouter.php', 135)
 2 SYSTEMPATH\View\View.php(213): include('C:\\xampp\\htdocs\\ci4\\kakofor\\app\\Views\\apprenant\\ajouter.php')
 3 SYSTEMPATH\View\View.php(216): CodeIgniter\View\View->CodeIgniter\View\{closure}()
 4 SYSTEMPATH\Common.php(1184): CodeIgniter\View\View->render('apprenant/ajouter', [], true)
 5 APPPATH\Controllers\Apprenant.php(44): view('apprenant/ajouter')
 6 SYSTEMPATH\CodeIgniter.php(934): App\Controllers\Apprenant->ajouter()
 7 SYSTEMPATH\CodeIgniter.php(499): CodeIgniter\CodeIgniter->runController(Object(App\Controllers\Apprenant))
 8 SYSTEMPATH\CodeIgniter.php(368): CodeIgniter\CodeIgniter->handleRequest(null, Object(Config\Cache), false)
 9 FCPATH\index.php(67): CodeIgniter\CodeIgniter->run()
CRITICAL - 2023-08-01 14:51:10 --> Undefined variable $session
in APPPATH\Views\apprenant\ajouter.php on line 135.
 1 APPPATH\Views\apprenant\ajouter.php(135): CodeIgniter\Debug\Exceptions->errorHandler(2, 'Undefined variable $session', 'C:\\xampp\\htdocs\\ci4\\kakofor\\app\\Views\\apprenant\\ajouter.php', 135)
 2 SYSTEMPATH\View\View.php(213): include('C:\\xampp\\htdocs\\ci4\\kakofor\\app\\Views\\apprenant\\ajouter.php')
 3 SYSTEMPATH\View\View.php(216): CodeIgniter\View\View->CodeIgniter\View\{closure}()
 4 SYSTEMPATH\Common.php(1184): CodeIgniter\View\View->render('apprenant/ajouter', [], true)
 5 APPPATH\Controllers\Apprenant.php(44): view('apprenant/ajouter')
 6 SYSTEMPATH\CodeIgniter.php(934): App\Controllers\Apprenant->ajouter()
 7 SYSTEMPATH\CodeIgniter.php(499): CodeIgniter\CodeIgniter->runController(Object(App\Controllers\Apprenant))
 8 SYSTEMPATH\CodeIgniter.php(368): CodeIgniter\CodeIgniter->handleRequest(null, Object(Config\Cache), false)
 9 FCPATH\index.php(67): CodeIgniter\CodeIgniter->run()
CRITICAL - 2023-08-01 15:21:28 --> Undefined variable $session
in APPPATH\Views\apprenant\ajouter.php on line 135.
 1 APPPATH\Views\apprenant\ajouter.php(135): CodeIgniter\Debug\Exceptions->errorHandler(2, 'Undefined variable $session', 'C:\\xampp\\htdocs\\ci4\\kakofor\\app\\Views\\apprenant\\ajouter.php', 135)
 2 SYSTEMPATH\View\View.php(213): include('C:\\xampp\\htdocs\\ci4\\kakofor\\app\\Views\\apprenant\\ajouter.php')
 3 SYSTEMPATH\View\View.php(216): CodeIgniter\View\View->CodeIgniter\View\{closure}()
 4 SYSTEMPATH\Common.php(1184): CodeIgniter\View\View->render('apprenant/ajouter', [], true)
 5 APPPATH\Controllers\Apprenant.php(44): view('apprenant/ajouter')
 6 SYSTEMPATH\CodeIgniter.php(934): App\Controllers\Apprenant->ajouter()
 7 SYSTEMPATH\CodeIgniter.php(499): CodeIgniter\CodeIgniter->runController(Object(App\Controllers\Apprenant))
 8 SYSTEMPATH\CodeIgniter.php(368): CodeIgniter\CodeIgniter->handleRequest(null, Object(Config\Cache), false)
 9 FCPATH\index.php(67): CodeIgniter\CodeIgniter->run()
CRITICAL - 2023-08-01 17:26:33 --> Cannot use object of type stdClass as array
in APPPATH\Views\apprenant\index.php on line 10.
 1 SYSTEMPATH\View\View.php(213): include()
 2 SYSTEMPATH\View\View.php(216): CodeIgniter\View\View->CodeIgniter\View\{closure}()
 3 SYSTEMPATH\Common.php(1184): CodeIgniter\View\View->render('apprenant/index', [], true)
 4 APPPATH\Controllers\Apprenant.php(18): view('apprenant/index')
 5 SYSTEMPATH\CodeIgniter.php(934): App\Controllers\Apprenant->index()
 6 SYSTEMPATH\CodeIgniter.php(499): CodeIgniter\CodeIgniter->runController(Object(App\Controllers\Apprenant))
 7 SYSTEMPATH\CodeIgniter.php(368): CodeIgniter\CodeIgniter->handleRequest(null, Object(Config\Cache), false)
 8 FCPATH\index.php(67): CodeIgniter\CodeIgniter->run()
CRITICAL - 2023-08-01 17:34:55 --> Call to a member function getResult() on array
in APPPATH\Views\apprenant\index.php on line 6.
 1 SYSTEMPATH\View\View.php(213): include()
 2 SYSTEMPATH\View\View.php(216): CodeIgniter\View\View->CodeIgniter\View\{closure}()
 3 SYSTEMPATH\Common.php(1184): CodeIgniter\View\View->render('apprenant/index', [], true)
 4 APPPATH\Controllers\Apprenant.php(18): view('apprenant/index')
 5 SYSTEMPATH\CodeIgniter.php(934): App\Controllers\Apprenant->index()
 6 SYSTEMPATH\CodeIgniter.php(499): CodeIgniter\CodeIgniter->runController(Object(App\Controllers\Apprenant))
 7 SYSTEMPATH\CodeIgniter.php(368): CodeIgniter\CodeIgniter->handleRequest(null, Object(Config\Cache), false)
 8 FCPATH\index.php(67): CodeIgniter\CodeIgniter->run()
CRITICAL - 2023-08-01 17:34:56 --> Call to a member function getResult() on array
in APPPATH\Views\apprenant\index.php on line 6.
 1 SYSTEMPATH\View\View.php(213): include()
 2 SYSTEMPATH\View\View.php(216): CodeIgniter\View\View->CodeIgniter\View\{closure}()
 3 SYSTEMPATH\Common.php(1184): CodeIgniter\View\View->render('apprenant/index', [], true)
 4 APPPATH\Controllers\Apprenant.php(18): view('apprenant/index')
 5 SYSTEMPATH\CodeIgniter.php(934): App\Controllers\Apprenant->index()
 6 SYSTEMPATH\CodeIgniter.php(499): CodeIgniter\CodeIgniter->runController(Object(App\Controllers\Apprenant))
 7 SYSTEMPATH\CodeIgniter.php(368): CodeIgniter\CodeIgniter->handleRequest(null, Object(Config\Cache), false)
 8 FCPATH\index.php(67): CodeIgniter\CodeIgniter->run()
CRITICAL - 2023-08-01 17:36:42 --> Call to a member function getResult() on array
in APPPATH\Views\apprenant\index.php on line 6.
 1 SYSTEMPATH\View\View.php(213): include()
 2 SYSTEMPATH\View\View.php(216): CodeIgniter\View\View->CodeIgniter\View\{closure}()
 3 SYSTEMPATH\Common.php(1184): CodeIgniter\View\View->render('apprenant/index', [], true)
 4 APPPATH\Controllers\Apprenant.php(18): view('apprenant/index')
 5 SYSTEMPATH\CodeIgniter.php(934): App\Controllers\Apprenant->index()
 6 SYSTEMPATH\CodeIgniter.php(499): CodeIgniter\CodeIgniter->runController(Object(App\Controllers\Apprenant))
 7 SYSTEMPATH\CodeIgniter.php(368): CodeIgniter\CodeIgniter->handleRequest(null, Object(Config\Cache), false)
 8 FCPATH\index.php(67): CodeIgniter\CodeIgniter->run()
CRITICAL - 2023-08-01 17:36:44 --> Call to a member function getResult() on array
in APPPATH\Views\apprenant\index.php on line 6.
 1 SYSTEMPATH\View\View.php(213): include()
 2 SYSTEMPATH\View\View.php(216): CodeIgniter\View\View->CodeIgniter\View\{closure}()
 3 SYSTEMPATH\Common.php(1184): CodeIgniter\View\View->render('apprenant/index', [], true)
 4 APPPATH\Controllers\Apprenant.php(18): view('apprenant/index')
 5 SYSTEMPATH\CodeIgniter.php(934): App\Controllers\Apprenant->index()
 6 SYSTEMPATH\CodeIgniter.php(499): CodeIgniter\CodeIgniter->runController(Object(App\Controllers\Apprenant))
 7 SYSTEMPATH\CodeIgniter.php(368): CodeIgniter\CodeIgniter->handleRequest(null, Object(Config\Cache), false)
 8 FCPATH\index.php(67): CodeIgniter\CodeIgniter->run()
CRITICAL - 2023-08-01 17:39:38 --> Call to a member function getResult() on array
in APPPATH\Views\apprenant\index.php on line 6.
 1 SYSTEMPATH\View\View.php(213): include()
 2 SYSTEMPATH\View\View.php(216): CodeIgniter\View\View->CodeIgniter\View\{closure}()
 3 SYSTEMPATH\Common.php(1184): CodeIgniter\View\View->render('apprenant/index', [], true)
 4 APPPATH\Controllers\Apprenant.php(16): view('apprenant/index', [...])
 5 SYSTEMPATH\CodeIgniter.php(934): App\Controllers\Apprenant->index()
 6 SYSTEMPATH\CodeIgniter.php(499): CodeIgniter\CodeIgniter->runController(Object(App\Controllers\Apprenant))
 7 SYSTEMPATH\CodeIgniter.php(368): CodeIgniter\CodeIgniter->handleRequest(null, Object(Config\Cache), false)
 8 FCPATH\index.php(67): CodeIgniter\CodeIgniter->run()
CRITICAL - 2023-08-01 17:39:39 --> Call to a member function getResult() on array
in APPPATH\Views\apprenant\index.php on line 6.
 1 SYSTEMPATH\View\View.php(213): include()
 2 SYSTEMPATH\View\View.php(216): CodeIgniter\View\View->CodeIgniter\View\{closure}()
 3 SYSTEMPATH\Common.php(1184): CodeIgniter\View\View->render('apprenant/index', [], true)
 4 APPPATH\Controllers\Apprenant.php(16): view('apprenant/index', [...])
 5 SYSTEMPATH\CodeIgniter.php(934): App\Controllers\Apprenant->index()
 6 SYSTEMPATH\CodeIgniter.php(499): CodeIgniter\CodeIgniter->runController(Object(App\Controllers\Apprenant))
 7 SYSTEMPATH\CodeIgniter.php(368): CodeIgniter\CodeIgniter->handleRequest(null, Object(Config\Cache), false)
 8 FCPATH\index.php(67): CodeIgniter\CodeIgniter->run()
CRITICAL - 2023-08-01 17:40:34 --> Call to a member function getResult() on array
in APPPATH\Views\apprenant\index.php on line 6.
 1 SYSTEMPATH\View\View.php(213): include()
 2 SYSTEMPATH\View\View.php(216): CodeIgniter\View\View->CodeIgniter\View\{closure}()
 3 SYSTEMPATH\Common.php(1184): CodeIgniter\View\View->render('apprenant/index', [], true)
 4 APPPATH\Controllers\Apprenant.php(16): view('apprenant/index', [...])
 5 SYSTEMPATH\CodeIgniter.php(934): App\Controllers\Apprenant->index()
 6 SYSTEMPATH\CodeIgniter.php(499): CodeIgniter\CodeIgniter->runController(Object(App\Controllers\Apprenant))
 7 SYSTEMPATH\CodeIgniter.php(368): CodeIgniter\CodeIgniter->handleRequest(null, Object(Config\Cache), false)
 8 FCPATH\index.php(67): CodeIgniter\CodeIgniter->run()
CRITICAL - 2023-08-01 17:47:23 --> Call to a member function getResult() on array
in APPPATH\Views\apprenant\index.php on line 6.
 1 SYSTEMPATH\View\View.php(213): include()
 2 SYSTEMPATH\View\View.php(216): CodeIgniter\View\View->CodeIgniter\View\{closure}()
 3 SYSTEMPATH\Common.php(1184): CodeIgniter\View\View->render('apprenant/index', [], true)
 4 APPPATH\Controllers\Apprenant.php(16): view('apprenant/index', [...])
 5 SYSTEMPATH\CodeIgniter.php(934): App\Controllers\Apprenant->index()
 6 SYSTEMPATH\CodeIgniter.php(499): CodeIgniter\CodeIgniter->runController(Object(App\Controllers\Apprenant))
 7 SYSTEMPATH\CodeIgniter.php(368): CodeIgniter\CodeIgniter->handleRequest(null, Object(Config\Cache), false)
 8 FCPATH\index.php(67): CodeIgniter\CodeIgniter->run()
CRITICAL - 2023-08-01 17:47:24 --> Call to a member function getResult() on array
in APPPATH\Views\apprenant\index.php on line 6.
 1 SYSTEMPATH\View\View.php(213): include()
 2 SYSTEMPATH\View\View.php(216): CodeIgniter\View\View->CodeIgniter\View\{closure}()
 3 SYSTEMPATH\Common.php(1184): CodeIgniter\View\View->render('apprenant/index', [], true)
 4 APPPATH\Controllers\Apprenant.php(16): view('apprenant/index', [...])
 5 SYSTEMPATH\CodeIgniter.php(934): App\Controllers\Apprenant->index()
 6 SYSTEMPATH\CodeIgniter.php(499): CodeIgniter\CodeIgniter->runController(Object(App\Controllers\Apprenant))
 7 SYSTEMPATH\CodeIgniter.php(368): CodeIgniter\CodeIgniter->handleRequest(null, Object(Config\Cache), false)
 8 FCPATH\index.php(67): CodeIgniter\CodeIgniter->run()
CRITICAL - 2023-08-01 17:47:24 --> Call to a member function getResult() on array
in APPPATH\Views\apprenant\index.php on line 6.
 1 SYSTEMPATH\View\View.php(213): include()
 2 SYSTEMPATH\View\View.php(216): CodeIgniter\View\View->CodeIgniter\View\{closure}()
 3 SYSTEMPATH\Common.php(1184): CodeIgniter\View\View->render('apprenant/index', [], true)
 4 APPPATH\Controllers\Apprenant.php(16): view('apprenant/index', [...])
 5 SYSTEMPATH\CodeIgniter.php(934): App\Controllers\Apprenant->index()
 6 SYSTEMPATH\CodeIgniter.php(499): CodeIgniter\CodeIgniter->runController(Object(App\Controllers\Apprenant))
 7 SYSTEMPATH\CodeIgniter.php(368): CodeIgniter\CodeIgniter->handleRequest(null, Object(Config\Cache), false)
 8 FCPATH\index.php(67): CodeIgniter\CodeIgniter->run()
CRITICAL - 2023-08-01 17:47:25 --> Call to a member function getResult() on array
in APPPATH\Views\apprenant\index.php on line 6.
 1 SYSTEMPATH\View\View.php(213): include()
 2 SYSTEMPATH\View\View.php(216): CodeIgniter\View\View->CodeIgniter\View\{closure}()
 3 SYSTEMPATH\Common.php(1184): CodeIgniter\View\View->render('apprenant/index', [], true)
 4 APPPATH\Controllers\Apprenant.php(16): view('apprenant/index', [...])
 5 SYSTEMPATH\CodeIgniter.php(934): App\Controllers\Apprenant->index()
 6 SYSTEMPATH\CodeIgniter.php(499): CodeIgniter\CodeIgniter->runController(Object(App\Controllers\Apprenant))
 7 SYSTEMPATH\CodeIgniter.php(368): CodeIgniter\CodeIgniter->handleRequest(null, Object(Config\Cache), false)
 8 FCPATH\index.php(67): CodeIgniter\CodeIgniter->run()
CRITICAL - 2023-08-01 17:47:26 --> Call to a member function getResult() on array
in APPPATH\Views\apprenant\index.php on line 6.
 1 SYSTEMPATH\View\View.php(213): include()
 2 SYSTEMPATH\View\View.php(216): CodeIgniter\View\View->CodeIgniter\View\{closure}()
 3 SYSTEMPATH\Common.php(1184): CodeIgniter\View\View->render('apprenant/index', [], true)
 4 APPPATH\Controllers\Apprenant.php(16): view('apprenant/index', [...])
 5 SYSTEMPATH\CodeIgniter.php(934): App\Controllers\Apprenant->index()
 6 SYSTEMPATH\CodeIgniter.php(499): CodeIgniter\CodeIgniter->runController(Object(App\Controllers\Apprenant))
 7 SYSTEMPATH\CodeIgniter.php(368): CodeIgniter\CodeIgniter->handleRequest(null, Object(Config\Cache), false)
 8 FCPATH\index.php(67): CodeIgniter\CodeIgniter->run()
CRITICAL - 2023-08-01 17:52:35 --> Call to a member function getResult() on array
in APPPATH\Views\apprenant\index.php on line 6.
 1 SYSTEMPATH\View\View.php(213): include()
 2 SYSTEMPATH\View\View.php(216): CodeIgniter\View\View->CodeIgniter\View\{closure}()
 3 SYSTEMPATH\Common.php(1184): CodeIgniter\View\View->render('apprenant/index', [], true)
 4 APPPATH\Controllers\Apprenant.php(16): view('apprenant/index', [...])
 5 SYSTEMPATH\CodeIgniter.php(934): App\Controllers\Apprenant->index()
 6 SYSTEMPATH\CodeIgniter.php(499): CodeIgniter\CodeIgniter->runController(Object(App\Controllers\Apprenant))
 7 SYSTEMPATH\CodeIgniter.php(368): CodeIgniter\CodeIgniter->handleRequest(null, Object(Config\Cache), false)
 8 FCPATH\index.php(67): CodeIgniter\CodeIgniter->run()
CRITICAL - 2023-08-01 17:52:36 --> Call to a member function getResult() on array
in APPPATH\Views\apprenant\index.php on line 6.
 1 SYSTEMPATH\View\View.php(213): include()
 2 SYSTEMPATH\View\View.php(216): CodeIgniter\View\View->CodeIgniter\View\{closure}()
 3 SYSTEMPATH\Common.php(1184): CodeIgniter\View\View->render('apprenant/index', [], true)
 4 APPPATH\Controllers\Apprenant.php(16): view('apprenant/index', [...])
 5 SYSTEMPATH\CodeIgniter.php(934): App\Controllers\Apprenant->index()
 6 SYSTEMPATH\CodeIgniter.php(499): CodeIgniter\CodeIgniter->runController(Object(App\Controllers\Apprenant))
 7 SYSTEMPATH\CodeIgniter.php(368): CodeIgniter\CodeIgniter->handleRequest(null, Object(Config\Cache), false)
 8 FCPATH\index.php(67): CodeIgniter\CodeIgniter->run()
CRITICAL - 2023-08-01 18:01:15 --> Call to a member function getResult() on array
in APPPATH\Views\apprenant\index.php on line 6.
 1 SYSTEMPATH\View\View.php(213): include()
 2 SYSTEMPATH\View\View.php(216): CodeIgniter\View\View->CodeIgniter\View\{closure}()
 3 SYSTEMPATH\Common.php(1184): CodeIgniter\View\View->render('apprenant/index', [], true)
 4 APPPATH\Controllers\Apprenant.php(16): view('apprenant/index', [...])
 5 SYSTEMPATH\CodeIgniter.php(934): App\Controllers\Apprenant->index()
 6 SYSTEMPATH\CodeIgniter.php(499): CodeIgniter\CodeIgniter->runController(Object(App\Controllers\Apprenant))
 7 SYSTEMPATH\CodeIgniter.php(368): CodeIgniter\CodeIgniter->handleRequest(null, Object(Config\Cache), false)
 8 FCPATH\index.php(67): CodeIgniter\CodeIgniter->run()
CRITICAL - 2023-08-01 18:12:32 --> Cannot use object of type stdClass as array
in APPPATH\Views\apprenant\index.php on line 34.
 1 SYSTEMPATH\View\View.php(213): include()
 2 SYSTEMPATH\View\View.php(216): CodeIgniter\View\View->CodeIgniter\View\{closure}()
 3 SYSTEMPATH\Common.php(1184): CodeIgniter\View\View->render('apprenant/index', [], true)
 4 APPPATH\Controllers\Apprenant.php(16): view('apprenant/index', [...])
 5 SYSTEMPATH\CodeIgniter.php(934): App\Controllers\Apprenant->index()
 6 SYSTEMPATH\CodeIgniter.php(499): CodeIgniter\CodeIgniter->runController(Object(App\Controllers\Apprenant))
 7 SYSTEMPATH\CodeIgniter.php(368): CodeIgniter\CodeIgniter->handleRequest(null, Object(Config\Cache), false)
 8 FCPATH\index.php(67): CodeIgniter\CodeIgniter->run()
CRITICAL - 2023-08-01 18:15:46 --> Cannot use object of type stdClass as array
in APPPATH\Views\apprenant\index.php on line 34.
 1 SYSTEMPATH\View\View.php(213): include()
 2 SYSTEMPATH\View\View.php(216): CodeIgniter\View\View->CodeIgniter\View\{closure}()
 3 SYSTEMPATH\Common.php(1184): CodeIgniter\View\View->render('apprenant/index', [], true)
 4 APPPATH\Controllers\Apprenant.php(16): view('apprenant/index', [...])
 5 SYSTEMPATH\CodeIgniter.php(934): App\Controllers\Apprenant->index()
 6 SYSTEMPATH\CodeIgniter.php(499): CodeIgniter\CodeIgniter->runController(Object(App\Controllers\Apprenant))
 7 SYSTEMPATH\CodeIgniter.php(368): CodeIgniter\CodeIgniter->handleRequest(null, Object(Config\Cache), false)
 8 FCPATH\index.php(67): CodeIgniter\CodeIgniter->run()
CRITICAL - 2023-08-01 18:15:47 --> Cannot use object of type stdClass as array
in APPPATH\Views\apprenant\index.php on line 34.
 1 SYSTEMPATH\View\View.php(213): include()
 2 SYSTEMPATH\View\View.php(216): CodeIgniter\View\View->CodeIgniter\View\{closure}()
 3 SYSTEMPATH\Common.php(1184): CodeIgniter\View\View->render('apprenant/index', [], true)
 4 APPPATH\Controllers\Apprenant.php(16): view('apprenant/index', [...])
 5 SYSTEMPATH\CodeIgniter.php(934): App\Controllers\Apprenant->index()
 6 SYSTEMPATH\CodeIgniter.php(499): CodeIgniter\CodeIgniter->runController(Object(App\Controllers\Apprenant))
 7 SYSTEMPATH\CodeIgniter.php(368): CodeIgniter\CodeIgniter->handleRequest(null, Object(Config\Cache), false)
 8 FCPATH\index.php(67): CodeIgniter\CodeIgniter->run()
CRITICAL - 2023-08-01 18:19:14 --> Cannot use object of type mysqli as array
in APPPATH\Views\apprenant\index.php on line 9.
 1 SYSTEMPATH\View\View.php(213): include()
 2 SYSTEMPATH\View\View.php(216): CodeIgniter\View\View->CodeIgniter\View\{closure}()
 3 SYSTEMPATH\Common.php(1184): CodeIgniter\View\View->render('apprenant/index', [], true)
 4 APPPATH\Controllers\Apprenant.php(16): view('apprenant/index', [...])
 5 SYSTEMPATH\CodeIgniter.php(934): App\Controllers\Apprenant->index()
 6 SYSTEMPATH\CodeIgniter.php(499): CodeIgniter\CodeIgniter->runController(Object(App\Controllers\Apprenant))
 7 SYSTEMPATH\CodeIgniter.php(368): CodeIgniter\CodeIgniter->handleRequest(null, Object(Config\Cache), false)
 8 FCPATH\index.php(67): CodeIgniter\CodeIgniter->run()
CRITICAL - 2023-08-01 18:19:54 --> Cannot use object of type stdClass as array
in APPPATH\Views\apprenant\index.php on line 10.
 1 SYSTEMPATH\View\View.php(213): include()
 2 SYSTEMPATH\View\View.php(216): CodeIgniter\View\View->CodeIgniter\View\{closure}()
 3 SYSTEMPATH\Common.php(1184): CodeIgniter\View\View->render('apprenant/index', [], true)
 4 APPPATH\Controllers\Apprenant.php(16): view('apprenant/index', [...])
 5 SYSTEMPATH\CodeIgniter.php(934): App\Controllers\Apprenant->index()
 6 SYSTEMPATH\CodeIgniter.php(499): CodeIgniter\CodeIgniter->runController(Object(App\Controllers\Apprenant))
 7 SYSTEMPATH\CodeIgniter.php(368): CodeIgniter\CodeIgniter->handleRequest(null, Object(Config\Cache), false)
 8 FCPATH\index.php(67): CodeIgniter\CodeIgniter->run()
CRITICAL - 2023-08-01 18:19:55 --> Cannot use object of type stdClass as array
in APPPATH\Views\apprenant\index.php on line 10.
 1 SYSTEMPATH\View\View.php(213): include()
 2 SYSTEMPATH\View\View.php(216): CodeIgniter\View\View->CodeIgniter\View\{closure}()
 3 SYSTEMPATH\Common.php(1184): CodeIgniter\View\View->render('apprenant/index', [], true)
 4 APPPATH\Controllers\Apprenant.php(16): view('apprenant/index', [...])
 5 SYSTEMPATH\CodeIgniter.php(934): App\Controllers\Apprenant->index()
 6 SYSTEMPATH\CodeIgniter.php(499): CodeIgniter\CodeIgniter->runController(Object(App\Controllers\Apprenant))
 7 SYSTEMPATH\CodeIgniter.php(368): CodeIgniter\CodeIgniter->handleRequest(null, Object(Config\Cache), false)
 8 FCPATH\index.php(67): CodeIgniter\CodeIgniter->run()
CRITICAL - 2023-08-01 18:20:18 --> Call to a member function getResult() on array
in APPPATH\Views\apprenant\index.php on line 6.
 1 SYSTEMPATH\View\View.php(213): include()
 2 SYSTEMPATH\View\View.php(216): CodeIgniter\View\View->CodeIgniter\View\{closure}()
 3 SYSTEMPATH\Common.php(1184): CodeIgniter\View\View->render('apprenant/index', [], true)
 4 APPPATH\Controllers\Apprenant.php(16): view('apprenant/index', [...])
 5 SYSTEMPATH\CodeIgniter.php(934): App\Controllers\Apprenant->index()
 6 SYSTEMPATH\CodeIgniter.php(499): CodeIgniter\CodeIgniter->runController(Object(App\Controllers\Apprenant))
 7 SYSTEMPATH\CodeIgniter.php(368): CodeIgniter\CodeIgniter->handleRequest(null, Object(Config\Cache), false)
 8 FCPATH\index.php(67): CodeIgniter\CodeIgniter->run()
CRITICAL - 2023-08-01 18:20:19 --> Call to a member function getResult() on array
in APPPATH\Views\apprenant\index.php on line 6.
 1 SYSTEMPATH\View\View.php(213): include()
 2 SYSTEMPATH\View\View.php(216): CodeIgniter\View\View->CodeIgniter\View\{closure}()
 3 SYSTEMPATH\Common.php(1184): CodeIgniter\View\View->render('apprenant/index', [], true)
 4 APPPATH\Controllers\Apprenant.php(16): view('apprenant/index', [...])
 5 SYSTEMPATH\CodeIgniter.php(934): App\Controllers\Apprenant->index()
 6 SYSTEMPATH\CodeIgniter.php(499): CodeIgniter\CodeIgniter->runController(Object(App\Controllers\Apprenant))
 7 SYSTEMPATH\CodeIgniter.php(368): CodeIgniter\CodeIgniter->handleRequest(null, Object(Config\Cache), false)
 8 FCPATH\index.php(67): CodeIgniter\CodeIgniter->run()
CRITICAL - 2023-08-01 18:20:34 --> Call to a member function getResult() on array
in APPPATH\Views\apprenant\index.php on line 5.
 1 SYSTEMPATH\View\View.php(213): include()
 2 SYSTEMPATH\View\View.php(216): CodeIgniter\View\View->CodeIgniter\View\{closure}()
 3 SYSTEMPATH\Common.php(1184): CodeIgniter\View\View->render('apprenant/index', [], true)
 4 APPPATH\Controllers\Apprenant.php(16): view('apprenant/index', [...])
 5 SYSTEMPATH\CodeIgniter.php(934): App\Controllers\Apprenant->index()
 6 SYSTEMPATH\CodeIgniter.php(499): CodeIgniter\CodeIgniter->runController(Object(App\Controllers\Apprenant))
 7 SYSTEMPATH\CodeIgniter.php(368): CodeIgniter\CodeIgniter->handleRequest(null, Object(Config\Cache), false)
 8 FCPATH\index.php(67): CodeIgniter\CodeIgniter->run()
CRITICAL - 2023-08-01 18:24:20 --> Cannot use object of type stdClass as array
in APPPATH\Views\apprenant\index.php on line 10.
 1 SYSTEMPATH\View\View.php(213): include()
 2 SYSTEMPATH\View\View.php(216): CodeIgniter\View\View->CodeIgniter\View\{closure}()
 3 SYSTEMPATH\Common.php(1184): CodeIgniter\View\View->render('apprenant/index', [], true)
 4 APPPATH\Controllers\Apprenant.php(16): view('apprenant/index', [...])
 5 SYSTEMPATH\CodeIgniter.php(934): App\Controllers\Apprenant->index()
 6 SYSTEMPATH\CodeIgniter.php(499): CodeIgniter\CodeIgniter->runController(Object(App\Controllers\Apprenant))
 7 SYSTEMPATH\CodeIgniter.php(368): CodeIgniter\CodeIgniter->handleRequest(null, Object(Config\Cache), false)
 8 FCPATH\index.php(67): CodeIgniter\CodeIgniter->run()
CRITICAL - 2023-08-01 18:25:50 --> Cannot use object of type stdClass as array
in APPPATH\Views\apprenant\index.php on line 33.
 1 SYSTEMPATH\View\View.php(213): include()
 2 SYSTEMPATH\View\View.php(216): CodeIgniter\View\View->CodeIgniter\View\{closure}()
 3 SYSTEMPATH\Common.php(1184): CodeIgniter\View\View->render('apprenant/index', [], true)
 4 APPPATH\Controllers\Apprenant.php(16): view('apprenant/index', [...])
 5 SYSTEMPATH\CodeIgniter.php(934): App\Controllers\Apprenant->index()
 6 SYSTEMPATH\CodeIgniter.php(499): CodeIgniter\CodeIgniter->runController(Object(App\Controllers\Apprenant))
 7 SYSTEMPATH\CodeIgniter.php(368): CodeIgniter\CodeIgniter->handleRequest(null, Object(Config\Cache), false)
 8 FCPATH\index.php(67): CodeIgniter\CodeIgniter->run()
CRITICAL - 2023-08-01 18:48:01 --> Undefined variable $session
in APPPATH\Views\apprenant\ajouter.php on line 135.
 1 APPPATH\Views\apprenant\ajouter.php(135): CodeIgniter\Debug\Exceptions->errorHandler(2, 'Undefined variable $session', 'C:\\xampp\\htdocs\\ci4\\kakofor\\app\\Views\\apprenant\\ajouter.php', 135)
 2 SYSTEMPATH\View\View.php(213): include('C:\\xampp\\htdocs\\ci4\\kakofor\\app\\Views\\apprenant\\ajouter.php')
 3 SYSTEMPATH\View\View.php(216): CodeIgniter\View\View->CodeIgniter\View\{closure}()
 4 SYSTEMPATH\Common.php(1184): CodeIgniter\View\View->render('apprenant/ajouter', [], true)
 5 APPPATH\Controllers\Apprenant.php(44): view('apprenant/ajouter')
 6 SYSTEMPATH\CodeIgniter.php(934): App\Controllers\Apprenant->ajouter()
 7 SYSTEMPATH\CodeIgniter.php(499): CodeIgniter\CodeIgniter->runController(Object(App\Controllers\Apprenant))
 8 SYSTEMPATH\CodeIgniter.php(368): CodeIgniter\CodeIgniter->handleRequest(null, Object(Config\Cache), false)
 9 FCPATH\index.php(67): CodeIgniter\CodeIgniter->run()
CRITICAL - 2023-08-01 18:50:31 --> Undefined variable $session
in APPPATH\Views\apprenant\ajouter.php on line 137.
 1 APPPATH\Views\apprenant\ajouter.php(137): CodeIgniter\Debug\Exceptions->errorHandler(2, 'Undefined variable $session', 'C:\\xampp\\htdocs\\ci4\\kakofor\\app\\Views\\apprenant\\ajouter.php', 137)
 2 SYSTEMPATH\View\View.php(213): include('C:\\xampp\\htdocs\\ci4\\kakofor\\app\\Views\\apprenant\\ajouter.php')
 3 SYSTEMPATH\View\View.php(216): CodeIgniter\View\View->CodeIgniter\View\{closure}()
 4 SYSTEMPATH\Common.php(1184): CodeIgniter\View\View->render('apprenant/ajouter', [], true)
 5 APPPATH\Controllers\Apprenant.php(44): view('apprenant/ajouter')
 6 SYSTEMPATH\CodeIgniter.php(934): App\Controllers\Apprenant->ajouter()
 7 SYSTEMPATH\CodeIgniter.php(499): CodeIgniter\CodeIgniter->runController(Object(App\Controllers\Apprenant))
 8 SYSTEMPATH\CodeIgniter.php(368): CodeIgniter\CodeIgniter->handleRequest(null, Object(Config\Cache), false)
 9 FCPATH\index.php(67): CodeIgniter\CodeIgniter->run()
CRITICAL - 2023-08-01 18:50:32 --> Undefined variable $session
in APPPATH\Views\apprenant\ajouter.php on line 137.
 1 APPPATH\Views\apprenant\ajouter.php(137): CodeIgniter\Debug\Exceptions->errorHandler(2, 'Undefined variable $session', 'C:\\xampp\\htdocs\\ci4\\kakofor\\app\\Views\\apprenant\\ajouter.php', 137)
 2 SYSTEMPATH\View\View.php(213): include('C:\\xampp\\htdocs\\ci4\\kakofor\\app\\Views\\apprenant\\ajouter.php')
 3 SYSTEMPATH\View\View.php(216): CodeIgniter\View\View->CodeIgniter\View\{closure}()
 4 SYSTEMPATH\Common.php(1184): CodeIgniter\View\View->render('apprenant/ajouter', [], true)
 5 APPPATH\Controllers\Apprenant.php(44): view('apprenant/ajouter')
 6 SYSTEMPATH\CodeIgniter.php(934): App\Controllers\Apprenant->ajouter()
 7 SYSTEMPATH\CodeIgniter.php(499): CodeIgniter\CodeIgniter->runController(Object(App\Controllers\Apprenant))
 8 SYSTEMPATH\CodeIgniter.php(368): CodeIgniter\CodeIgniter->handleRequest(null, Object(Config\Cache), false)
 9 FCPATH\index.php(67): CodeIgniter\CodeIgniter->run()
CRITICAL - 2023-08-01 18:50:33 --> Undefined variable $session
in APPPATH\Views\apprenant\ajouter.php on line 137.
 1 APPPATH\Views\apprenant\ajouter.php(137): CodeIgniter\Debug\Exceptions->errorHandler(2, 'Undefined variable $session', 'C:\\xampp\\htdocs\\ci4\\kakofor\\app\\Views\\apprenant\\ajouter.php', 137)
 2 SYSTEMPATH\View\View.php(213): include('C:\\xampp\\htdocs\\ci4\\kakofor\\app\\Views\\apprenant\\ajouter.php')
 3 SYSTEMPATH\View\View.php(216): CodeIgniter\View\View->CodeIgniter\View\{closure}()
 4 SYSTEMPATH\Common.php(1184): CodeIgniter\View\View->render('apprenant/ajouter', [], true)
 5 APPPATH\Controllers\Apprenant.php(44): view('apprenant/ajouter')
 6 SYSTEMPATH\CodeIgniter.php(934): App\Controllers\Apprenant->ajouter()
 7 SYSTEMPATH\CodeIgniter.php(499): CodeIgniter\CodeIgniter->runController(Object(App\Controllers\Apprenant))
 8 SYSTEMPATH\CodeIgniter.php(368): CodeIgniter\CodeIgniter->handleRequest(null, Object(Config\Cache), false)
 9 FCPATH\index.php(67): CodeIgniter\CodeIgniter->run()
CRITICAL - 2023-08-01 20:01:43 --> Undefined variable $villes
in APPPATH\Views\apprenant\ajouter.php on line 93.
 1 APPPATH\Views\apprenant\ajouter.php(93): CodeIgniter\Debug\Exceptions->errorHandler(2, 'Undefined variable $villes', 'C:\\xampp\\htdocs\\ci4\\kakofor\\app\\Views\\apprenant\\ajouter.php', 93)
 2 SYSTEMPATH\View\View.php(213): include('C:\\xampp\\htdocs\\ci4\\kakofor\\app\\Views\\apprenant\\ajouter.php')
 3 SYSTEMPATH\View\View.php(216): CodeIgniter\View\View->CodeIgniter\View\{closure}()
 4 SYSTEMPATH\Common.php(1184): CodeIgniter\View\View->render('apprenant/ajouter', [], true)
 5 APPPATH\Controllers\Apprenant.php(47): view('apprenant/ajouter')
 6 SYSTEMPATH\CodeIgniter.php(934): App\Controllers\Apprenant->ajouter()
 7 SYSTEMPATH\CodeIgniter.php(499): CodeIgniter\CodeIgniter->runController(Object(App\Controllers\Apprenant))
 8 SYSTEMPATH\CodeIgniter.php(368): CodeIgniter\CodeIgniter->handleRequest(null, Object(Config\Cache), false)
 9 FCPATH\index.php(67): CodeIgniter\CodeIgniter->run()
