CRITICAL - 2023-08-07 15:28:41 --> Call to undefined method Config\Session::initController()
in SYSTEMPATH\CodeIgniter.php on line 907.
 1 SYSTEMPATH\CodeIgniter.php(490): CodeIgniter\CodeIgniter->createController()
 2 SYSTEMPATH\CodeIgniter.php(368): CodeIgniter\CodeIgniter->handleRequest(null, Object(Config\Cache), false)
 3 FCPATH\index.php(67): CodeIgniter\CodeIgniter->run()
CRITICAL - 2023-08-07 19:19:45 --> Call to undefined function dateEn2Fr()
in APPPATH\Views\apprenant\ajouter.php on line 136.
 1 SYSTEMPATH\View\View.php(213): include()
 2 SYSTEMPATH\View\View.php(216): CodeIgniter\View\View->CodeIgniter\View\{closure}()
 3 SYSTEMPATH\Common.php(1184): CodeIgniter\View\View->render('apprenant/ajouter', [], true)
 4 APPPATH\Controllers\Apprenant.php(47): view('apprenant/ajouter')
 5 SYSTEMPATH\CodeIgniter.php(934): App\Controllers\Apprenant->ajouter()
 6 SYSTEMPATH\CodeIgniter.php(499): CodeIgniter\CodeIgniter->runController(Object(App\Controllers\Apprenant))
 7 SYSTEMPATH\CodeIgniter.php(368): CodeIgniter\CodeIgniter->handleRequest(null, Object(Config\Cache), false)
 8 FCPATH\index.php(67): CodeIgniter\CodeIgniter->run()
CRITICAL - 2023-08-07 19:20:04 --> Call to undefined function dateEn2Fr()
in APPPATH\Views\apprenant\ajouter.php on line 136.
 1 SYSTEMPATH\View\View.php(213): include()
 2 SYSTEMPATH\View\View.php(216): CodeIgniter\View\View->CodeIgniter\View\{closure}()
 3 SYSTEMPATH\Common.php(1184): CodeIgniter\View\View->render('apprenant/ajouter', [], true)
 4 APPPATH\Controllers\Apprenant.php(47): view('apprenant/ajouter')
 5 SYSTEMPATH\CodeIgniter.php(934): App\Controllers\Apprenant->ajouter()
 6 SYSTEMPATH\CodeIgniter.php(499): CodeIgniter\CodeIgniter->runController(Object(App\Controllers\Apprenant))
 7 SYSTEMPATH\CodeIgniter.php(368): CodeIgniter\CodeIgniter->handleRequest(null, Object(Config\Cache), false)
 8 FCPATH\index.php(67): CodeIgniter\CodeIgniter->run()
CRITICAL - 2023-08-07 19:20:52 --> Call to undefined function dateEn2Fr()
in APPPATH\Views\apprenant\ajouter.php on line 136.
 1 SYSTEMPATH\View\View.php(213): include()
 2 SYSTEMPATH\View\View.php(216): CodeIgniter\View\View->CodeIgniter\View\{closure}()
 3 SYSTEMPATH\Common.php(1184): CodeIgniter\View\View->render('apprenant/ajouter', [], true)
 4 APPPATH\Controllers\Apprenant.php(47): view('apprenant/ajouter')
 5 SYSTEMPATH\CodeIgniter.php(934): App\Controllers\Apprenant->ajouter()
 6 SYSTEMPATH\CodeIgniter.php(499): CodeIgniter\CodeIgniter->runController(Object(App\Controllers\Apprenant))
 7 SYSTEMPATH\CodeIgniter.php(368): CodeIgniter\CodeIgniter->handleRequest(null, Object(Config\Cache), false)
 8 FCPATH\index.php(67): CodeIgniter\CodeIgniter->run()
CRITICAL - 2023-08-07 19:20:53 --> Call to undefined function dateEn2Fr()
in APPPATH\Views\apprenant\ajouter.php on line 136.
 1 SYSTEMPATH\View\View.php(213): include()
 2 SYSTEMPATH\View\View.php(216): CodeIgniter\View\View->CodeIgniter\View\{closure}()
 3 SYSTEMPATH\Common.php(1184): CodeIgniter\View\View->render('apprenant/ajouter', [], true)
 4 APPPATH\Controllers\Apprenant.php(47): view('apprenant/ajouter')
 5 SYSTEMPATH\CodeIgniter.php(934): App\Controllers\Apprenant->ajouter()
 6 SYSTEMPATH\CodeIgniter.php(499): CodeIgniter\CodeIgniter->runController(Object(App\Controllers\Apprenant))
 7 SYSTEMPATH\CodeIgniter.php(368): CodeIgniter\CodeIgniter->handleRequest(null, Object(Config\Cache), false)
 8 FCPATH\index.php(67): CodeIgniter\CodeIgniter->run()
CRITICAL - 2023-08-07 19:22:27 --> Call to undefined function dateEn2Fr()
in APPPATH\Views\apprenant\ajouter.php on line 136.
 1 SYSTEMPATH\View\View.php(213): include()
 2 SYSTEMPATH\View\View.php(216): CodeIgniter\View\View->CodeIgniter\View\{closure}()
 3 SYSTEMPATH\Common.php(1184): CodeIgniter\View\View->render('apprenant/ajouter', [], true)
 4 APPPATH\Controllers\Apprenant.php(47): view('apprenant/ajouter')
 5 SYSTEMPATH\CodeIgniter.php(934): App\Controllers\Apprenant->ajouter()
 6 SYSTEMPATH\CodeIgniter.php(499): CodeIgniter\CodeIgniter->runController(Object(App\Controllers\Apprenant))
 7 SYSTEMPATH\CodeIgniter.php(368): CodeIgniter\CodeIgniter->handleRequest(null, Object(Config\Cache), false)
 8 FCPATH\index.php(67): CodeIgniter\CodeIgniter->run()
CRITICAL - 2023-08-07 19:59:05 --> Undefined variable $apprenat
in APPPATH\Views\apprenant\modifier.php on line 26.
 1 APPPATH\Views\apprenant\modifier.php(26): CodeIgniter\Debug\Exceptions->errorHandler(2, 'Undefined variable $apprenat', 'C:\\xampp\\htdocs\\ci4\\kakofor\\app\\Views\\apprenant\\modifier.php', 26)
 2 SYSTEMPATH\View\View.php(213): include('C:\\xampp\\htdocs\\ci4\\kakofor\\app\\Views\\apprenant\\modifier.php')
 3 SYSTEMPATH\View\View.php(216): CodeIgniter\View\View->CodeIgniter\View\{closure}()
 4 SYSTEMPATH\Common.php(1184): CodeIgniter\View\View->render('apprenant/modifier', [], true)
 5 APPPATH\Controllers\Apprenant.php(78): view('apprenant/modifier')
 6 SYSTEMPATH\CodeIgniter.php(934): App\Controllers\Apprenant->modifier('1', '1')
 7 SYSTEMPATH\CodeIgniter.php(499): CodeIgniter\CodeIgniter->runController(Object(App\Controllers\Apprenant))
 8 SYSTEMPATH\CodeIgniter.php(368): CodeIgniter\CodeIgniter->handleRequest(null, Object(Config\Cache), false)
 9 FCPATH\index.php(67): CodeIgniter\CodeIgniter->run()
